This is pdfTeX, Version 3.14159265-2.6-1.40.18 (MiKTeX 2.9.6500 64-bit) (preloaded format=pdflatex 2018.1.23)  8 FEB 2018 23:25
entering extended mode
**./deepnn.tex
(deepnn.tex
LaTeX2e <2017-04-15>
Babel <3.15> and hyphenation patterns for 75 language(s) loaded.
("C:\Program Files\MiKTeX 2.9\tex\latex\base\article.cls"
Document Class: article 2014/09/29 v1.4h Standard LaTeX document class
("C:\Program Files\MiKTeX 2.9\tex\latex\base\size10.clo"
File: size10.clo 2014/09/29 v1.4h Standard LaTeX file (size option)
)
\c@part=\count79
\c@section=\count80
\c@subsection=\count81
\c@subsubsection=\count82
\c@paragraph=\count83
\c@subparagraph=\count84
\c@figure=\count85
\c@table=\count86
\abovecaptionskip=\skip41
\belowcaptionskip=\skip42
\bibindent=\dimen102
)
("C:\Program Files\MiKTeX 2.9\tex\latex\fancyhdr\fancyhdr.sty"
Package: fancyhdr 2017/06/30 v3.9a Extensive control of page headers and footer
s
\f@nch@headwidth=\skip43
\f@nch@O@elh=\skip44
\f@nch@O@erh=\skip45
\f@nch@O@olh=\skip46
\f@nch@O@orh=\skip47
\f@nch@O@elf=\skip48
\f@nch@O@erf=\skip49
\f@nch@O@olf=\skip50
\f@nch@O@orf=\skip51
)
("C:\Program Files\MiKTeX 2.9\tex\latex\lastpage\lastpage.sty"
Package: lastpage 2015/03/29 v1.2m Refers to last page's name (HMM; JPG)
)
("C:\Program Files\MiKTeX 2.9\tex\latex\fancyhdr\extramarks.sty"
Package: extramarks 2017/06/30 v3.9a Extra marks for LaTeX
\@temptokenb=\toks14
)
("C:\Program Files\MiKTeX 2.9\tex\latex\graphics\color.sty"
Package: color 2016/07/10 v1.1e Standard LaTeX Color (DPC)

("C:\Program Files\MiKTeX 2.9\tex\latex\graphics-cfg\color.cfg"
File: color.cfg 2016/01/02 v1.6 sample color configuration
)
Package color Info: Driver file: pdftex.def on input line 147.

("C:\Program Files\MiKTeX 2.9\tex\latex\graphics-def\pdftex.def"
File: pdftex.def 2017/06/24 v1.0g Graphics/color driver for pdftex
)
("C:\Program Files\MiKTeX 2.9\tex\latex\graphics\dvipsnam.def"
File: dvipsnam.def 2016/06/17 v3.0m Driver-dependent file (DPC,SPQR)
))
("C:\Program Files\MiKTeX 2.9\tex\latex\graphics\graphicx.sty"
Package: graphicx 2017/06/01 v1.1a Enhanced LaTeX Graphics (DPC,SPQR)

("C:\Program Files\MiKTeX 2.9\tex\latex\graphics\keyval.sty"
Package: keyval 2014/10/28 v1.15 key=value parser (DPC)
\KV@toks@=\toks15
)
("C:\Program Files\MiKTeX 2.9\tex\latex\graphics\graphics.sty"
Package: graphics 2017/06/25 v1.2c Standard LaTeX Graphics (DPC,SPQR)

("C:\Program Files\MiKTeX 2.9\tex\latex\graphics\trig.sty"
Package: trig 2016/01/03 v1.10 sin cos tan (DPC)
)
("C:\Program Files\MiKTeX 2.9\tex\latex\graphics-cfg\graphics.cfg"
File: graphics.cfg 2016/06/04 v1.11 sample graphics configuration
)
Package graphics Info: Driver file: pdftex.def on input line 99.
)
\Gin@req@height=\dimen103
\Gin@req@width=\dimen104
)
("C:\Program Files\MiKTeX 2.9\tex\latex\caption\subcaption.sty"
Package: subcaption 2016/05/22 v1.1-161 Sub-captions (AR)

("C:\Program Files\MiKTeX 2.9\tex\latex\caption\caption.sty"
Package: caption 2016/02/21 v3.3-144 Customizing captions (AR)

("C:\Program Files\MiKTeX 2.9\tex\latex\caption\caption3.sty"
Package: caption3 2016/05/22 v1.7-166 caption3 kernel (AR)
Package caption3 Info: TeX engine: e-TeX on input line 67.
\captionmargin=\dimen105
\captionmargin@=\dimen106
\captionwidth=\dimen107
\caption@tempdima=\dimen108
\caption@indent=\dimen109
\caption@parindent=\dimen110
\caption@hangindent=\dimen111
)
\c@ContinuedFloat=\count87
)
\c@subfigure=\count88
\c@subtable=\count89
)
("C:\Program Files\MiKTeX 2.9\tex\latex\listings\listings.sty"
\lst@mode=\count90
\lst@gtempboxa=\box26
\lst@token=\toks16
\lst@length=\count91
\lst@currlwidth=\dimen112
\lst@column=\count92
\lst@pos=\count93
\lst@lostspace=\dimen113
\lst@width=\dimen114
\lst@newlines=\count94
\lst@lineno=\count95
\lst@maxwidth=\dimen115

("C:\Program Files\MiKTeX 2.9\tex\latex\listings\lstmisc.sty"
File: lstmisc.sty 2015/06/04 1.6 (Carsten Heinz)
\c@lstnumber=\count96
\lst@skipnumbers=\count97
\lst@framebox=\box27
)
("C:\Program Files\MiKTeX 2.9\tex\latex\listings\listings.cfg"
File: listings.cfg 2015/06/04 1.6 listings configuration
))
Package: listings 2015/06/04 1.6 (Carsten Heinz)

("C:\Program Files\MiKTeX 2.9\tex\latex\psnfss\courier.sty"
Package: courier 2005/04/12 PSNFSS-v9.2a (WaS) 
)
("C:\Program Files\MiKTeX 2.9\tex\latex\lipsum\lipsum.sty"
Package: lipsum 2014/07/27 v1.3 150 paragraphs of Lorem Ipsum dummy text
\c@lips@count=\count98
)
("C:\Program Files\MiKTeX 2.9\tex\latex\tools\enumerate.sty"
Package: enumerate 2015/07/23 v3.00 enumerate extensions (DPC)
\@enLab=\toks17
)
("C:\Program Files\MiKTeX 2.9\tex\latex\amsfonts\amssymb.sty"
Package: amssymb 2013/01/14 v3.01 AMS font symbols

("C:\Program Files\MiKTeX 2.9\tex\latex\amsfonts\amsfonts.sty"
Package: amsfonts 2013/01/14 v3.01 Basic AMSFonts support
\@emptytoks=\toks18
\symAMSa=\mathgroup4
\symAMSb=\mathgroup5
LaTeX Font Info:    Overwriting math alphabet `\mathfrak' in version `bold'
(Font)                  U/euf/m/n --> U/euf/b/n on input line 106.
))
("C:\Program Files\MiKTeX 2.9\tex\latex\amsmath\amsmath.sty"
Package: amsmath 2017/09/02 v2.17a AMS math features
\@mathmargin=\skip52

For additional information on amsmath, use the `?' option.
("C:\Program Files\MiKTeX 2.9\tex\latex\amsmath\amstext.sty"
Package: amstext 2000/06/29 v2.01 AMS text

("C:\Program Files\MiKTeX 2.9\tex\latex\amsmath\amsgen.sty"
File: amsgen.sty 1999/11/30 v2.0 generic functions
\@emptytoks=\toks19
\ex@=\dimen116
))
("C:\Program Files\MiKTeX 2.9\tex\latex\amsmath\amsbsy.sty"
Package: amsbsy 1999/11/29 v1.2d Bold Symbols
\pmbraise@=\dimen117
)
("C:\Program Files\MiKTeX 2.9\tex\latex\amsmath\amsopn.sty"
Package: amsopn 2016/03/08 v2.02 operator names
)
\inf@bad=\count99
LaTeX Info: Redefining \frac on input line 213.
\uproot@=\count100
\leftroot@=\count101
LaTeX Info: Redefining \overline on input line 375.
\classnum@=\count102
\DOTSCASE@=\count103
LaTeX Info: Redefining \ldots on input line 472.
LaTeX Info: Redefining \dots on input line 475.
LaTeX Info: Redefining \cdots on input line 596.
\Mathstrutbox@=\box28
\strutbox@=\box29
\big@size=\dimen118
LaTeX Font Info:    Redeclaring font encoding OML on input line 712.
LaTeX Font Info:    Redeclaring font encoding OMS on input line 713.
\macc@depth=\count104
\c@MaxMatrixCols=\count105
\dotsspace@=\muskip10
\c@parentequation=\count106
\dspbrk@lvl=\count107
\tag@help=\toks20
\row@=\count108
\column@=\count109
\maxfields@=\count110
\andhelp@=\toks21
\eqnshift@=\dimen119
\alignsep@=\dimen120
\tagshift@=\dimen121
\tagwidth@=\dimen122
\totwidth@=\dimen123
\lineht@=\dimen124
\@envbody=\toks22
\multlinegap=\skip53
\multlinetaggap=\skip54
\mathdisplay@stack=\toks23
LaTeX Info: Redefining \[ on input line 2817.
LaTeX Info: Redefining \] on input line 2818.
)
("C:\Program Files\MiKTeX 2.9\tex\latex\tools\array.sty"
Package: array 2016/10/06 v2.4d Tabular extension package (FMi)
\col@sep=\dimen125
\extrarowheight=\dimen126
\NC@list=\toks24
\extratabsurround=\skip55
\backup@length=\skip56
)
(C:\Users\Hao\AppData\Roaming\MiKTeX\2.9\tex\latex\forloop\forloop.sty
Package: forloop 2006/09/18 v3.0 For Loops for LaTeX

("C:\Program Files\MiKTeX 2.9\tex\latex\base\ifthen.sty"
Package: ifthen 2014/09/29 v1.1c Standard LaTeX ifthen package (DPC)
))
("C:\Program Files\MiKTeX 2.9\tex\generic\oberdiek\alphalph.sty"
Package: alphalph 2016/05/16 v2.5 Convert numbers to letters (HO)

("C:\Program Files\MiKTeX 2.9\tex\generic\oberdiek\infwarerr.sty"
Package: infwarerr 2016/05/16 v1.4 Providing info/warning/error messages (HO)
)
("C:\Program Files\MiKTeX 2.9\tex\generic\oberdiek\intcalc.sty"
Package: intcalc 2016/05/16 v1.2 Expandable calculations with integers (HO)
))
("C:\Program Files\MiKTeX 2.9\tex\latex\listings\lstlang1.sty"
File: lstlang1.sty 2015/06/04 1.6 listings language file
)
\c@homeworkProblemCounter=\count111
 (deepnn.aux)
\openout1 = `deepnn.aux'.

LaTeX Font Info:    Checking defaults for OML/cmm/m/it on input line 171.
LaTeX Font Info:    ... okay on input line 171.
LaTeX Font Info:    Checking defaults for T1/cmr/m/n on input line 171.
LaTeX Font Info:    ... okay on input line 171.
LaTeX Font Info:    Checking defaults for OT1/cmr/m/n on input line 171.
LaTeX Font Info:    ... okay on input line 171.
LaTeX Font Info:    Checking defaults for OMS/cmsy/m/n on input line 171.
LaTeX Font Info:    ... okay on input line 171.
LaTeX Font Info:    Checking defaults for OMX/cmex/m/n on input line 171.
LaTeX Font Info:    ... okay on input line 171.
LaTeX Font Info:    Checking defaults for U/cmr/m/n on input line 171.
LaTeX Font Info:    ... okay on input line 171.
Package lastpage Info: Please have a look at the pageslts package at
(lastpage)             https://www.ctan.org/pkg/pageslts
(lastpage)             ! on input line 171.

("C:\Program Files\MiKTeX 2.9\tex\context\base\supp-pdf.mkii"
[Loading MPS to PDF converter (version 2006.09.02).]
\scratchcounter=\count112
\scratchdimen=\dimen127
\scratchbox=\box30
\nofMPsegments=\count113
\nofMParguments=\count114
\everyMPshowfont=\toks25
\MPscratchCnt=\count115
\MPscratchDim=\dimen128
\MPnumerator=\count116
\makeMPintoPDFobject=\count117
\everyMPtoPDFconversion=\toks26
) ("C:\Program Files\MiKTeX 2.9\tex\latex\oberdiek\epstopdf-base.sty"
Package: epstopdf-base 2016/05/15 v2.6 Base part for package epstopdf

("C:\Program Files\MiKTeX 2.9\tex\latex\oberdiek\grfext.sty"
Package: grfext 2016/05/16 v1.2 Manage graphics extensions (HO)

("C:\Program Files\MiKTeX 2.9\tex\generic\oberdiek\kvdefinekeys.sty"
Package: kvdefinekeys 2016/05/16 v1.4 Define keys (HO)

("C:\Program Files\MiKTeX 2.9\tex\generic\oberdiek\ltxcmds.sty"
Package: ltxcmds 2016/05/16 v1.23 LaTeX kernel commands for general use (HO)
)))
("C:\Program Files\MiKTeX 2.9\tex\latex\oberdiek\kvoptions.sty"
Package: kvoptions 2016/05/16 v3.12 Key value format for package options (HO)

("C:\Program Files\MiKTeX 2.9\tex\generic\oberdiek\kvsetkeys.sty"
Package: kvsetkeys 2016/05/16 v1.17 Key value parser (HO)

("C:\Program Files\MiKTeX 2.9\tex\generic\oberdiek\etexcmds.sty"
Package: etexcmds 2016/05/16 v1.6 Avoid name clashes with e-TeX commands (HO)

("C:\Program Files\MiKTeX 2.9\tex\generic\oberdiek\ifluatex.sty"
Package: ifluatex 2016/05/16 v1.4 Provides the ifluatex switch (HO)
Package ifluatex Info: LuaTeX not detected.
)
Package etexcmds Info: Could not find \expanded.
(etexcmds)             That can mean that you are not using pdfTeX 1.50 or
(etexcmds)             that some package has redefined \expanded.
(etexcmds)             In the latter case, load this package earlier.
)))
("C:\Program Files\MiKTeX 2.9\tex\generic\oberdiek\pdftexcmds.sty"
Package: pdftexcmds 2017/03/19 v0.25 Utility functions of pdfTeX for LuaTeX (HO
)

("C:\Program Files\MiKTeX 2.9\tex\generic\oberdiek\ifpdf.sty"
Package: ifpdf 2017/03/15 v3.2 Provides the ifpdf switch
)
Package pdftexcmds Info: LuaTeX not detected.
Package pdftexcmds Info: \pdf@primitive is available.
Package pdftexcmds Info: \pdf@ifprimitive is available.
Package pdftexcmds Info: \pdfdraftmode found.
)
Package epstopdf-base Info: Redefining graphics rule for `.eps' on input line 4
38.
Package grfext Info: Graphics extension search list:
(grfext)             [.pdf,.png,.jpg,.mps,.jpeg,.jbig2,.jb2,.PDF,.PNG,.JPG,.JPE
G,.JBIG2,.JB2,.eps]
(grfext)             \AppendGraphicsExtensions on input line 456.
)
Package caption Info: Begin \AtBeginDocument code.
Package caption Info: listings package is loaded.
Package caption Info: End \AtBeginDocument code.
\c@lstlisting=\count118
LaTeX Font Info:    Try loading font information for U+msa on input line 173.

("C:\Program Files\MiKTeX 2.9\tex\latex\amsfonts\umsa.fd"
File: umsa.fd 2013/01/14 v3.01 AMS symbols A
)
LaTeX Font Info:    Try loading font information for U+msb on input line 173.

("C:\Program Files\MiKTeX 2.9\tex\latex\amsfonts\umsb.fd"
File: umsb.fd 2013/01/14 v3.01 AMS symbols B
) [1

{C:/Users/Hao/AppData/Local/MiKTeX/2.9/pdftex/config/pdftex.map}]
Underfull \hbox (badness 10000) in paragraph at lines 180--187

 []


Underfull \hbox (badness 10000) in paragraph at lines 180--187

 []

LaTeX Font Info:    Try loading font information for OMS+cmr on input line 188.

("C:\Program Files\MiKTeX 2.9\tex\latex\base\omscmr.fd"
File: omscmr.fd 2014/09/29 v2.5h Standard LaTeX font definitions
)
LaTeX Font Info:    Font shape `OMS/cmr/m/n' in size <10> not available
(Font)              Font shape `OMS/cmsy/m/n' tried instead on input line 188.
 [2


]
\c@ith=\count119
\c@num=\count120
<images/number0_0.jpg, id=16, 28.105pt x 28.105pt>
File: images/number0_0.jpg Graphic file (type jpg)
<use images/number0_0.jpg>
Package pdftex.def Info: images/number0_0.jpg  used on input line 260. on input
 line 260.
Package pdftex.def Info: Requested size: 28.10492pt x 28.10492pt on input line 
260.
<images/number0_1.jpg, id=18, 28.105pt x 28.105pt>
File: images/number0_1.jpg Graphic file (type jpg)
<use images/number0_1.jpg>
Package pdftex.def Info: images/number0_1.jpg  used on input line 260. on input
 line 260.
Package pdftex.def Info: Requested size: 28.10492pt x 28.10492pt on input line 
260.
<images/number0_2.jpg, id=19, 28.105pt x 28.105pt>
File: images/number0_2.jpg Graphic file (type jpg)
<use images/number0_2.jpg>
Package pdftex.def Info: images/number0_2.jpg  used on input line 260. on input
 line 260.
Package pdftex.def Info: Requested size: 28.10492pt x 28.10492pt on input line 
260.
<images/number0_3.jpg, id=20, 28.105pt x 28.105pt>
File: images/number0_3.jpg Graphic file (type jpg)
<use images/number0_3.jpg>
Package pdftex.def Info: images/number0_3.jpg  used on input line 260. on input
 line 260.
Package pdftex.def Info: Requested size: 28.10492pt x 28.10492pt on input line 
260.
<images/number0_4.jpg, id=21, 28.105pt x 28.105pt>
File: images/number0_4.jpg Graphic file (type jpg)
<use images/number0_4.jpg>
Package pdftex.def Info: images/number0_4.jpg  used on input line 260. on input
 line 260.
Package pdftex.def Info: Requested size: 28.10492pt x 28.10492pt on input line 
260.
<images/number0_5.jpg, id=22, 28.105pt x 28.105pt>
File: images/number0_5.jpg Graphic file (type jpg)
<use images/number0_5.jpg>
Package pdftex.def Info: images/number0_5.jpg  used on input line 260. on input
 line 260.
Package pdftex.def Info: Requested size: 28.10492pt x 28.10492pt on input line 
260.
<images/number0_6.jpg, id=23, 28.105pt x 28.105pt>
File: images/number0_6.jpg Graphic file (type jpg)
<use images/number0_6.jpg>
Package pdftex.def Info: images/number0_6.jpg  used on input line 260. on input
 line 260.
Package pdftex.def Info: Requested size: 28.10492pt x 28.10492pt on input line 
260.
<images/number0_7.jpg, id=24, 28.105pt x 28.105pt>
File: images/number0_7.jpg Graphic file (type jpg)
<use images/number0_7.jpg>
Package pdftex.def Info: images/number0_7.jpg  used on input line 260. on input
 line 260.
Package pdftex.def Info: Requested size: 28.10492pt x 28.10492pt on input line 
260.
<images/number0_8.jpg, id=25, 28.105pt x 28.105pt>
File: images/number0_8.jpg Graphic file (type jpg)
<use images/number0_8.jpg>
Package pdftex.def Info: images/number0_8.jpg  used on input line 260. on input
 line 260.
Package pdftex.def Info: Requested size: 28.10492pt x 28.10492pt on input line 
260.
<images/number0_9.jpg, id=26, 28.105pt x 28.105pt>
File: images/number0_9.jpg Graphic file (type jpg)
<use images/number0_9.jpg>
Package pdftex.def Info: images/number0_9.jpg  used on input line 260. on input
 line 260.
Package pdftex.def Info: Requested size: 28.10492pt x 28.10492pt on input line 
260.
<images/number1_0.jpg, id=27, 28.105pt x 28.105pt>
File: images/number1_0.jpg Graphic file (type jpg)
<use images/number1_0.jpg>
Package pdftex.def Info: images/number1_0.jpg  used on input line 260. on input
 line 260.
Package pdftex.def Info: Requested size: 28.10492pt x 28.10492pt on input line 
260.
<images/number1_1.jpg, id=28, 28.105pt x 28.105pt>
File: images/number1_1.jpg Graphic file (type jpg)
<use images/number1_1.jpg>
Package pdftex.def Info: images/number1_1.jpg  used on input line 260. on input
 line 260.
Package pdftex.def Info: Requested size: 28.10492pt x 28.10492pt on input line 
260.
<images/number1_2.jpg, id=29, 28.105pt x 28.105pt>
File: images/number1_2.jpg Graphic file (type jpg)
<use images/number1_2.jpg>
Package pdftex.def Info: images/number1_2.jpg  used on input line 260. on input
 line 260.
Package pdftex.def Info: Requested size: 28.10492pt x 28.10492pt on input line 
260.
<images/number1_3.jpg, id=30, 28.105pt x 28.105pt>
File: images/number1_3.jpg Graphic file (type jpg)
<use images/number1_3.jpg>
Package pdftex.def Info: images/number1_3.jpg  used on input line 260. on input
 line 260.
Package pdftex.def Info: Requested size: 28.10492pt x 28.10492pt on input line 
260.
<images/number1_4.jpg, id=31, 28.105pt x 28.105pt>
File: images/number1_4.jpg Graphic file (type jpg)
<use images/number1_4.jpg>
Package pdftex.def Info: images/number1_4.jpg  used on input line 260. on input
 line 260.
Package pdftex.def Info: Requested size: 28.10492pt x 28.10492pt on input line 
260.
<images/number1_5.jpg, id=32, 28.105pt x 28.105pt>
File: images/number1_5.jpg Graphic file (type jpg)
<use images/number1_5.jpg>
Package pdftex.def Info: images/number1_5.jpg  used on input line 260. on input
 line 260.
Package pdftex.def Info: Requested size: 28.10492pt x 28.10492pt on input line 
260.
<images/number1_6.jpg, id=33, 28.105pt x 28.105pt>
File: images/number1_6.jpg Graphic file (type jpg)
<use images/number1_6.jpg>
Package pdftex.def Info: images/number1_6.jpg  used on input line 260. on input
 line 260.
Package pdftex.def Info: Requested size: 28.10492pt x 28.10492pt on input line 
260.
<images/number1_7.jpg, id=34, 28.105pt x 28.105pt>
File: images/number1_7.jpg Graphic file (type jpg)
<use images/number1_7.jpg>
Package pdftex.def Info: images/number1_7.jpg  used on input line 260. on input
 line 260.
Package pdftex.def Info: Requested size: 28.10492pt x 28.10492pt on input line 
260.
<images/number1_8.jpg, id=35, 28.105pt x 28.105pt>
File: images/number1_8.jpg Graphic file (type jpg)
<use images/number1_8.jpg>
Package pdftex.def Info: images/number1_8.jpg  used on input line 260. on input
 line 260.
Package pdftex.def Info: Requested size: 28.10492pt x 28.10492pt on input line 
260.
<images/number1_9.jpg, id=36, 28.105pt x 28.105pt>
File: images/number1_9.jpg Graphic file (type jpg)
<use images/number1_9.jpg>
Package pdftex.def Info: images/number1_9.jpg  used on input line 260. on input
 line 260.
Package pdftex.def Info: Requested size: 28.10492pt x 28.10492pt on input line 
260.
<images/number2_0.jpg, id=37, 28.105pt x 28.105pt>
File: images/number2_0.jpg Graphic file (type jpg)
<use images/number2_0.jpg>
Package pdftex.def Info: images/number2_0.jpg  used on input line 260. on input
 line 260.
Package pdftex.def Info: Requested size: 28.10492pt x 28.10492pt on input line 
260.
<images/number2_1.jpg, id=38, 28.105pt x 28.105pt>
File: images/number2_1.jpg Graphic file (type jpg)
<use images/number2_1.jpg>
Package pdftex.def Info: images/number2_1.jpg  used on input line 260. on input
 line 260.
Package pdftex.def Info: Requested size: 28.10492pt x 28.10492pt on input line 
260.
<images/number2_2.jpg, id=39, 28.105pt x 28.105pt>
File: images/number2_2.jpg Graphic file (type jpg)
<use images/number2_2.jpg>
Package pdftex.def Info: images/number2_2.jpg  used on input line 260. on input
 line 260.
Package pdftex.def Info: Requested size: 28.10492pt x 28.10492pt on input line 
260.
<images/number2_3.jpg, id=40, 28.105pt x 28.105pt>
File: images/number2_3.jpg Graphic file (type jpg)
<use images/number2_3.jpg>
Package pdftex.def Info: images/number2_3.jpg  used on input line 260. on input
 line 260.
Package pdftex.def Info: Requested size: 28.10492pt x 28.10492pt on input line 
260.
<images/number2_4.jpg, id=41, 28.105pt x 28.105pt>
File: images/number2_4.jpg Graphic file (type jpg)
<use images/number2_4.jpg>
Package pdftex.def Info: images/number2_4.jpg  used on input line 260. on input
 line 260.
Package pdftex.def Info: Requested size: 28.10492pt x 28.10492pt on input line 
260.
<images/number2_5.jpg, id=42, 28.105pt x 28.105pt>
File: images/number2_5.jpg Graphic file (type jpg)
<use images/number2_5.jpg>
Package pdftex.def Info: images/number2_5.jpg  used on input line 260. on input
 line 260.
Package pdftex.def Info: Requested size: 28.10492pt x 28.10492pt on input line 
260.
<images/number2_6.jpg, id=43, 28.105pt x 28.105pt>
File: images/number2_6.jpg Graphic file (type jpg)
<use images/number2_6.jpg>
Package pdftex.def Info: images/number2_6.jpg  used on input line 260. on input
 line 260.
Package pdftex.def Info: Requested size: 28.10492pt x 28.10492pt on input line 
260.
<images/number2_7.jpg, id=44, 28.105pt x 28.105pt>
File: images/number2_7.jpg Graphic file (type jpg)
<use images/number2_7.jpg>
Package pdftex.def Info: images/number2_7.jpg  used on input line 260. on input
 line 260.
Package pdftex.def Info: Requested size: 28.10492pt x 28.10492pt on input line 
260.
<images/number2_8.jpg, id=45, 28.105pt x 28.105pt>
File: images/number2_8.jpg Graphic file (type jpg)
<use images/number2_8.jpg>
Package pdftex.def Info: images/number2_8.jpg  used on input line 260. on input
 line 260.
Package pdftex.def Info: Requested size: 28.10492pt x 28.10492pt on input line 
260.
<images/number2_9.jpg, id=46, 28.105pt x 28.105pt>
File: images/number2_9.jpg Graphic file (type jpg)
<use images/number2_9.jpg>
Package pdftex.def Info: images/number2_9.jpg  used on input line 260. on input
 line 260.
Package pdftex.def Info: Requested size: 28.10492pt x 28.10492pt on input line 
260.
<images/number3_0.jpg, id=47, 28.105pt x 28.105pt>
File: images/number3_0.jpg Graphic file (type jpg)
<use images/number3_0.jpg>
Package pdftex.def Info: images/number3_0.jpg  used on input line 260. on input
 line 260.
Package pdftex.def Info: Requested size: 28.10492pt x 28.10492pt on input line 
260.
<images/number3_1.jpg, id=48, 28.105pt x 28.105pt>
File: images/number3_1.jpg Graphic file (type jpg)
<use images/number3_1.jpg>
Package pdftex.def Info: images/number3_1.jpg  used on input line 260. on input
 line 260.
Package pdftex.def Info: Requested size: 28.10492pt x 28.10492pt on input line 
260.
<images/number3_2.jpg, id=49, 28.105pt x 28.105pt>
File: images/number3_2.jpg Graphic file (type jpg)
<use images/number3_2.jpg>
Package pdftex.def Info: images/number3_2.jpg  used on input line 260. on input
 line 260.
Package pdftex.def Info: Requested size: 28.10492pt x 28.10492pt on input line 
260.
<images/number3_3.jpg, id=50, 28.105pt x 28.105pt>
File: images/number3_3.jpg Graphic file (type jpg)
<use images/number3_3.jpg>
Package pdftex.def Info: images/number3_3.jpg  used on input line 260. on input
 line 260.
Package pdftex.def Info: Requested size: 28.10492pt x 28.10492pt on input line 
260.
<images/number3_4.jpg, id=51, 28.105pt x 28.105pt>
File: images/number3_4.jpg Graphic file (type jpg)
<use images/number3_4.jpg>
Package pdftex.def Info: images/number3_4.jpg  used on input line 260. on input
 line 260.
Package pdftex.def Info: Requested size: 28.10492pt x 28.10492pt on input line 
260.
<images/number3_5.jpg, id=52, 28.105pt x 28.105pt>
File: images/number3_5.jpg Graphic file (type jpg)
<use images/number3_5.jpg>
Package pdftex.def Info: images/number3_5.jpg  used on input line 260. on input
 line 260.
Package pdftex.def Info: Requested size: 28.10492pt x 28.10492pt on input line 
260.
<images/number3_6.jpg, id=53, 28.105pt x 28.105pt>
File: images/number3_6.jpg Graphic file (type jpg)
<use images/number3_6.jpg>
Package pdftex.def Info: images/number3_6.jpg  used on input line 260. on input
 line 260.
Package pdftex.def Info: Requested size: 28.10492pt x 28.10492pt on input line 
260.
<images/number3_7.jpg, id=54, 28.105pt x 28.105pt>
File: images/number3_7.jpg Graphic file (type jpg)
<use images/number3_7.jpg>
Package pdftex.def Info: images/number3_7.jpg  used on input line 260. on input
 line 260.
Package pdftex.def Info: Requested size: 28.10492pt x 28.10492pt on input line 
260.
<images/number3_8.jpg, id=55, 28.105pt x 28.105pt>
File: images/number3_8.jpg Graphic file (type jpg)
<use images/number3_8.jpg>
Package pdftex.def Info: images/number3_8.jpg  used on input line 260. on input
 line 260.
Package pdftex.def Info: Requested size: 28.10492pt x 28.10492pt on input line 
260.
<images/number3_9.jpg, id=56, 28.105pt x 28.105pt>
File: images/number3_9.jpg Graphic file (type jpg)
<use images/number3_9.jpg>
Package pdftex.def Info: images/number3_9.jpg  used on input line 260. on input
 line 260.
Package pdftex.def Info: Requested size: 28.10492pt x 28.10492pt on input line 
260.
<images/number4_0.jpg, id=57, 28.105pt x 28.105pt>
File: images/number4_0.jpg Graphic file (type jpg)
<use images/number4_0.jpg>
Package pdftex.def Info: images/number4_0.jpg  used on input line 260. on input
 line 260.
Package pdftex.def Info: Requested size: 28.10492pt x 28.10492pt on input line 
260.
<images/number4_1.jpg, id=58, 28.105pt x 28.105pt>
File: images/number4_1.jpg Graphic file (type jpg)
<use images/number4_1.jpg>
Package pdftex.def Info: images/number4_1.jpg  used on input line 260. on input
 line 260.
Package pdftex.def Info: Requested size: 28.10492pt x 28.10492pt on input line 
260.
<images/number4_2.jpg, id=59, 28.105pt x 28.105pt>
File: images/number4_2.jpg Graphic file (type jpg)
<use images/number4_2.jpg>
Package pdftex.def Info: images/number4_2.jpg  used on input line 260. on input
 line 260.
Package pdftex.def Info: Requested size: 28.10492pt x 28.10492pt on input line 
260.
<images/number4_3.jpg, id=60, 28.105pt x 28.105pt>
File: images/number4_3.jpg Graphic file (type jpg)
<use images/number4_3.jpg>
Package pdftex.def Info: images/number4_3.jpg  used on input line 260. on input
 line 260.
Package pdftex.def Info: Requested size: 28.10492pt x 28.10492pt on input line 
260.
<images/number4_4.jpg, id=61, 28.105pt x 28.105pt>
File: images/number4_4.jpg Graphic file (type jpg)
<use images/number4_4.jpg>
Package pdftex.def Info: images/number4_4.jpg  used on input line 260. on input
 line 260.
Package pdftex.def Info: Requested size: 28.10492pt x 28.10492pt on input line 
260.
<images/number4_5.jpg, id=62, 28.105pt x 28.105pt>
File: images/number4_5.jpg Graphic file (type jpg)
<use images/number4_5.jpg>
Package pdftex.def Info: images/number4_5.jpg  used on input line 260. on input
 line 260.
Package pdftex.def Info: Requested size: 28.10492pt x 28.10492pt on input line 
260.
<images/number4_6.jpg, id=63, 28.105pt x 28.105pt>
File: images/number4_6.jpg Graphic file (type jpg)
<use images/number4_6.jpg>
Package pdftex.def Info: images/number4_6.jpg  used on input line 260. on input
 line 260.
Package pdftex.def Info: Requested size: 28.10492pt x 28.10492pt on input line 
260.
<images/number4_7.jpg, id=64, 28.105pt x 28.105pt>
File: images/number4_7.jpg Graphic file (type jpg)
<use images/number4_7.jpg>
Package pdftex.def Info: images/number4_7.jpg  used on input line 260. on input
 line 260.
Package pdftex.def Info: Requested size: 28.10492pt x 28.10492pt on input line 
260.
<images/number4_8.jpg, id=65, 28.105pt x 28.105pt>
File: images/number4_8.jpg Graphic file (type jpg)
<use images/number4_8.jpg>
Package pdftex.def Info: images/number4_8.jpg  used on input line 260. on input
 line 260.
Package pdftex.def Info: Requested size: 28.10492pt x 28.10492pt on input line 
260.
<images/number4_9.jpg, id=66, 28.105pt x 28.105pt>
File: images/number4_9.jpg Graphic file (type jpg)
<use images/number4_9.jpg>
Package pdftex.def Info: images/number4_9.jpg  used on input line 260. on input
 line 260.
Package pdftex.def Info: Requested size: 28.10492pt x 28.10492pt on input line 
260.
<images/number5_0.jpg, id=67, 28.105pt x 28.105pt>
File: images/number5_0.jpg Graphic file (type jpg)
<use images/number5_0.jpg>
Package pdftex.def Info: images/number5_0.jpg  used on input line 260. on input
 line 260.
Package pdftex.def Info: Requested size: 28.10492pt x 28.10492pt on input line 
260.
<images/number5_1.jpg, id=68, 28.105pt x 28.105pt>
File: images/number5_1.jpg Graphic file (type jpg)
<use images/number5_1.jpg>
Package pdftex.def Info: images/number5_1.jpg  used on input line 260. on input
 line 260.
Package pdftex.def Info: Requested size: 28.10492pt x 28.10492pt on input line 
260.
<images/number5_2.jpg, id=69, 28.105pt x 28.105pt>
File: images/number5_2.jpg Graphic file (type jpg)
<use images/number5_2.jpg>
Package pdftex.def Info: images/number5_2.jpg  used on input line 260. on input
 line 260.
Package pdftex.def Info: Requested size: 28.10492pt x 28.10492pt on input line 
260.
<images/number5_3.jpg, id=70, 28.105pt x 28.105pt>
File: images/number5_3.jpg Graphic file (type jpg)
<use images/number5_3.jpg>
Package pdftex.def Info: images/number5_3.jpg  used on input line 260. on input
 line 260.
Package pdftex.def Info: Requested size: 28.10492pt x 28.10492pt on input line 
260.
<images/number5_4.jpg, id=71, 28.105pt x 28.105pt>
File: images/number5_4.jpg Graphic file (type jpg)
<use images/number5_4.jpg>
Package pdftex.def Info: images/number5_4.jpg  used on input line 260. on input
 line 260.
Package pdftex.def Info: Requested size: 28.10492pt x 28.10492pt on input line 
260.
<images/number5_5.jpg, id=72, 28.105pt x 28.105pt>
File: images/number5_5.jpg Graphic file (type jpg)
<use images/number5_5.jpg>
Package pdftex.def Info: images/number5_5.jpg  used on input line 260. on input
 line 260.
Package pdftex.def Info: Requested size: 28.10492pt x 28.10492pt on input line 
260.
<images/number5_6.jpg, id=73, 28.105pt x 28.105pt>
File: images/number5_6.jpg Graphic file (type jpg)
<use images/number5_6.jpg>
Package pdftex.def Info: images/number5_6.jpg  used on input line 260. on input
 line 260.
Package pdftex.def Info: Requested size: 28.10492pt x 28.10492pt on input line 
260.
<images/number5_7.jpg, id=74, 28.105pt x 28.105pt>
File: images/number5_7.jpg Graphic file (type jpg)
<use images/number5_7.jpg>
Package pdftex.def Info: images/number5_7.jpg  used on input line 260. on input
 line 260.
Package pdftex.def Info: Requested size: 28.10492pt x 28.10492pt on input line 
260.
<images/number5_8.jpg, id=75, 28.105pt x 28.105pt>
File: images/number5_8.jpg Graphic file (type jpg)
<use images/number5_8.jpg>
Package pdftex.def Info: images/number5_8.jpg  used on input line 260. on input
 line 260.
Package pdftex.def Info: Requested size: 28.10492pt x 28.10492pt on input line 
260.
<images/number5_9.jpg, id=76, 28.105pt x 28.105pt>
File: images/number5_9.jpg Graphic file (type jpg)
<use images/number5_9.jpg>
Package pdftex.def Info: images/number5_9.jpg  used on input line 260. on input
 line 260.
Package pdftex.def Info: Requested size: 28.10492pt x 28.10492pt on input line 
260.
<images/number6_0.jpg, id=77, 28.105pt x 28.105pt>
File: images/number6_0.jpg Graphic file (type jpg)
<use images/number6_0.jpg>
Package pdftex.def Info: images/number6_0.jpg  used on input line 260. on input
 line 260.
Package pdftex.def Info: Requested size: 28.10492pt x 28.10492pt on input line 
260.
<images/number6_1.jpg, id=78, 28.105pt x 28.105pt>
File: images/number6_1.jpg Graphic file (type jpg)
<use images/number6_1.jpg>
Package pdftex.def Info: images/number6_1.jpg  used on input line 260. on input
 line 260.
Package pdftex.def Info: Requested size: 28.10492pt x 28.10492pt on input line 
260.
<images/number6_2.jpg, id=79, 28.105pt x 28.105pt>
File: images/number6_2.jpg Graphic file (type jpg)
<use images/number6_2.jpg>
Package pdftex.def Info: images/number6_2.jpg  used on input line 260. on input
 line 260.
Package pdftex.def Info: Requested size: 28.10492pt x 28.10492pt on input line 
260.
<images/number6_3.jpg, id=80, 28.105pt x 28.105pt>
File: images/number6_3.jpg Graphic file (type jpg)
<use images/number6_3.jpg>
Package pdftex.def Info: images/number6_3.jpg  used on input line 260. on input
 line 260.
Package pdftex.def Info: Requested size: 28.10492pt x 28.10492pt on input line 
260.
<images/number6_4.jpg, id=81, 28.105pt x 28.105pt>
File: images/number6_4.jpg Graphic file (type jpg)
<use images/number6_4.jpg>
Package pdftex.def Info: images/number6_4.jpg  used on input line 260. on input
 line 260.
Package pdftex.def Info: Requested size: 28.10492pt x 28.10492pt on input line 
260.
<images/number6_5.jpg, id=82, 28.105pt x 28.105pt>
File: images/number6_5.jpg Graphic file (type jpg)
<use images/number6_5.jpg>
Package pdftex.def Info: images/number6_5.jpg  used on input line 260. on input
 line 260.
Package pdftex.def Info: Requested size: 28.10492pt x 28.10492pt on input line 
260.
<images/number6_6.jpg, id=83, 28.105pt x 28.105pt>
File: images/number6_6.jpg Graphic file (type jpg)
<use images/number6_6.jpg>
Package pdftex.def Info: images/number6_6.jpg  used on input line 260. on input
 line 260.
Package pdftex.def Info: Requested size: 28.10492pt x 28.10492pt on input line 
260.
<images/number6_7.jpg, id=84, 28.105pt x 28.105pt>
File: images/number6_7.jpg Graphic file (type jpg)
<use images/number6_7.jpg>
Package pdftex.def Info: images/number6_7.jpg  used on input line 260. on input
 line 260.
Package pdftex.def Info: Requested size: 28.10492pt x 28.10492pt on input line 
260.
<images/number6_8.jpg, id=85, 28.105pt x 28.105pt>
File: images/number6_8.jpg Graphic file (type jpg)
<use images/number6_8.jpg>
Package pdftex.def Info: images/number6_8.jpg  used on input line 260. on input
 line 260.
Package pdftex.def Info: Requested size: 28.10492pt x 28.10492pt on input line 
260.
<images/number6_9.jpg, id=86, 28.105pt x 28.105pt>
File: images/number6_9.jpg Graphic file (type jpg)
<use images/number6_9.jpg>
Package pdftex.def Info: images/number6_9.jpg  used on input line 260. on input
 line 260.
Package pdftex.def Info: Requested size: 28.10492pt x 28.10492pt on input line 
260.
<images/number7_0.jpg, id=87, 28.105pt x 28.105pt>
File: images/number7_0.jpg Graphic file (type jpg)
<use images/number7_0.jpg>
Package pdftex.def Info: images/number7_0.jpg  used on input line 260. on input
 line 260.
Package pdftex.def Info: Requested size: 28.10492pt x 28.10492pt on input line 
260.
<images/number7_1.jpg, id=88, 28.105pt x 28.105pt>
File: images/number7_1.jpg Graphic file (type jpg)
<use images/number7_1.jpg>
Package pdftex.def Info: images/number7_1.jpg  used on input line 260. on input
 line 260.
Package pdftex.def Info: Requested size: 28.10492pt x 28.10492pt on input line 
260.
<images/number7_2.jpg, id=89, 28.105pt x 28.105pt>
File: images/number7_2.jpg Graphic file (type jpg)
<use images/number7_2.jpg>
Package pdftex.def Info: images/number7_2.jpg  used on input line 260. on input
 line 260.
Package pdftex.def Info: Requested size: 28.10492pt x 28.10492pt on input line 
260.
<images/number7_3.jpg, id=90, 28.105pt x 28.105pt>
File: images/number7_3.jpg Graphic file (type jpg)
<use images/number7_3.jpg>
Package pdftex.def Info: images/number7_3.jpg  used on input line 260. on input
 line 260.
Package pdftex.def Info: Requested size: 28.10492pt x 28.10492pt on input line 
260.
<images/number7_4.jpg, id=91, 28.105pt x 28.105pt>
File: images/number7_4.jpg Graphic file (type jpg)
<use images/number7_4.jpg>
Package pdftex.def Info: images/number7_4.jpg  used on input line 260. on input
 line 260.
Package pdftex.def Info: Requested size: 28.10492pt x 28.10492pt on input line 
260.
<images/number7_5.jpg, id=92, 28.105pt x 28.105pt>
File: images/number7_5.jpg Graphic file (type jpg)
<use images/number7_5.jpg>
Package pdftex.def Info: images/number7_5.jpg  used on input line 260. on input
 line 260.
Package pdftex.def Info: Requested size: 28.10492pt x 28.10492pt on input line 
260.
<images/number7_6.jpg, id=93, 28.105pt x 28.105pt>
File: images/number7_6.jpg Graphic file (type jpg)
<use images/number7_6.jpg>
Package pdftex.def Info: images/number7_6.jpg  used on input line 260. on input
 line 260.
Package pdftex.def Info: Requested size: 28.10492pt x 28.10492pt on input line 
260.
<images/number7_7.jpg, id=94, 28.105pt x 28.105pt>
File: images/number7_7.jpg Graphic file (type jpg)
<use images/number7_7.jpg>
Package pdftex.def Info: images/number7_7.jpg  used on input line 260. on input
 line 260.
Package pdftex.def Info: Requested size: 28.10492pt x 28.10492pt on input line 
260.
<images/number7_8.jpg, id=95, 28.105pt x 28.105pt>
File: images/number7_8.jpg Graphic file (type jpg)
<use images/number7_8.jpg>
Package pdftex.def Info: images/number7_8.jpg  used on input line 260. on input
 line 260.
Package pdftex.def Info: Requested size: 28.10492pt x 28.10492pt on input line 
260.
<images/number7_9.jpg, id=96, 28.105pt x 28.105pt>
File: images/number7_9.jpg Graphic file (type jpg)
<use images/number7_9.jpg>
Package pdftex.def Info: images/number7_9.jpg  used on input line 260. on input
 line 260.
Package pdftex.def Info: Requested size: 28.10492pt x 28.10492pt on input line 
260.
<images/number8_0.jpg, id=97, 28.105pt x 28.105pt>
File: images/number8_0.jpg Graphic file (type jpg)
<use images/number8_0.jpg>
Package pdftex.def Info: images/number8_0.jpg  used on input line 260. on input
 line 260.
Package pdftex.def Info: Requested size: 28.10492pt x 28.10492pt on input line 
260.
<images/number8_1.jpg, id=98, 28.105pt x 28.105pt>
File: images/number8_1.jpg Graphic file (type jpg)
<use images/number8_1.jpg>
Package pdftex.def Info: images/number8_1.jpg  used on input line 260. on input
 line 260.
Package pdftex.def Info: Requested size: 28.10492pt x 28.10492pt on input line 
260.
<images/number8_2.jpg, id=99, 28.105pt x 28.105pt>
File: images/number8_2.jpg Graphic file (type jpg)
<use images/number8_2.jpg>
Package pdftex.def Info: images/number8_2.jpg  used on input line 260. on input
 line 260.
Package pdftex.def Info: Requested size: 28.10492pt x 28.10492pt on input line 
260.
<images/number8_3.jpg, id=100, 28.105pt x 28.105pt>
File: images/number8_3.jpg Graphic file (type jpg)
<use images/number8_3.jpg>
Package pdftex.def Info: images/number8_3.jpg  used on input line 260. on input
 line 260.
Package pdftex.def Info: Requested size: 28.10492pt x 28.10492pt on input line 
260.
<images/number8_4.jpg, id=101, 28.105pt x 28.105pt>
File: images/number8_4.jpg Graphic file (type jpg)
<use images/number8_4.jpg>
Package pdftex.def Info: images/number8_4.jpg  used on input line 260. on input
 line 260.
Package pdftex.def Info: Requested size: 28.10492pt x 28.10492pt on input line 
260.
<images/number8_5.jpg, id=102, 28.105pt x 28.105pt>
File: images/number8_5.jpg Graphic file (type jpg)
<use images/number8_5.jpg>
Package pdftex.def Info: images/number8_5.jpg  used on input line 260. on input
 line 260.
Package pdftex.def Info: Requested size: 28.10492pt x 28.10492pt on input line 
260.
<images/number8_6.jpg, id=103, 28.105pt x 28.105pt>
File: images/number8_6.jpg Graphic file (type jpg)
<use images/number8_6.jpg>
Package pdftex.def Info: images/number8_6.jpg  used on input line 260. on input
 line 260.
Package pdftex.def Info: Requested size: 28.10492pt x 28.10492pt on input line 
260.
<images/number8_7.jpg, id=104, 28.105pt x 28.105pt>
File: images/number8_7.jpg Graphic file (type jpg)
<use images/number8_7.jpg>
Package pdftex.def Info: images/number8_7.jpg  used on input line 260. on input
 line 260.
Package pdftex.def Info: Requested size: 28.10492pt x 28.10492pt on input line 
260.
<images/number8_8.jpg, id=105, 28.105pt x 28.105pt>
File: images/number8_8.jpg Graphic file (type jpg)
<use images/number8_8.jpg>
Package pdftex.def Info: images/number8_8.jpg  used on input line 260. on input
 line 260.
Package pdftex.def Info: Requested size: 28.10492pt x 28.10492pt on input line 
260.
<images/number8_9.jpg, id=106, 28.105pt x 28.105pt>
File: images/number8_9.jpg Graphic file (type jpg)
<use images/number8_9.jpg>
Package pdftex.def Info: images/number8_9.jpg  used on input line 260. on input
 line 260.
Package pdftex.def Info: Requested size: 28.10492pt x 28.10492pt on input line 
260.
<images/number9_0.jpg, id=107, 28.105pt x 28.105pt>
File: images/number9_0.jpg Graphic file (type jpg)
<use images/number9_0.jpg>
Package pdftex.def Info: images/number9_0.jpg  used on input line 260. on input
 line 260.
Package pdftex.def Info: Requested size: 28.10492pt x 28.10492pt on input line 
260.
<images/number9_1.jpg, id=108, 28.105pt x 28.105pt>
File: images/number9_1.jpg Graphic file (type jpg)
<use images/number9_1.jpg>
Package pdftex.def Info: images/number9_1.jpg  used on input line 260. on input
 line 260.
Package pdftex.def Info: Requested size: 28.10492pt x 28.10492pt on input line 
260.
<images/number9_2.jpg, id=109, 28.105pt x 28.105pt>
File: images/number9_2.jpg Graphic file (type jpg)
<use images/number9_2.jpg>
Package pdftex.def Info: images/number9_2.jpg  used on input line 260. on input
 line 260.
Package pdftex.def Info: Requested size: 28.10492pt x 28.10492pt on input line 
260.
<images/number9_3.jpg, id=110, 28.105pt x 28.105pt>
File: images/number9_3.jpg Graphic file (type jpg)
<use images/number9_3.jpg>
Package pdftex.def Info: images/number9_3.jpg  used on input line 260. on input
 line 260.
Package pdftex.def Info: Requested size: 28.10492pt x 28.10492pt on input line 
260.
<images/number9_4.jpg, id=111, 28.105pt x 28.105pt>
File: images/number9_4.jpg Graphic file (type jpg)
<use images/number9_4.jpg>
Package pdftex.def Info: images/number9_4.jpg  used on input line 260. on input
 line 260.
Package pdftex.def Info: Requested size: 28.10492pt x 28.10492pt on input line 
260.
<images/number9_5.jpg, id=112, 28.105pt x 28.105pt>
File: images/number9_5.jpg Graphic file (type jpg)
<use images/number9_5.jpg>
Package pdftex.def Info: images/number9_5.jpg  used on input line 260. on input
 line 260.
Package pdftex.def Info: Requested size: 28.10492pt x 28.10492pt on input line 
260.
<images/number9_6.jpg, id=113, 28.105pt x 28.105pt>
File: images/number9_6.jpg Graphic file (type jpg)
<use images/number9_6.jpg>
Package pdftex.def Info: images/number9_6.jpg  used on input line 260. on input
 line 260.
Package pdftex.def Info: Requested size: 28.10492pt x 28.10492pt on input line 
260.
<images/number9_7.jpg, id=114, 28.105pt x 28.105pt>
File: images/number9_7.jpg Graphic file (type jpg)
<use images/number9_7.jpg>
Package pdftex.def Info: images/number9_7.jpg  used on input line 260. on input
 line 260.
Package pdftex.def Info: Requested size: 28.10492pt x 28.10492pt on input line 
260.
<images/number9_8.jpg, id=115, 28.105pt x 28.105pt>
File: images/number9_8.jpg Graphic file (type jpg)
<use images/number9_8.jpg>
Package pdftex.def Info: images/number9_8.jpg  used on input line 260. on input
 line 260.
Package pdftex.def Info: Requested size: 28.10492pt x 28.10492pt on input line 
260.
<images/number9_9.jpg, id=116, 28.105pt x 28.105pt>
File: images/number9_9.jpg Graphic file (type jpg)
<use images/number9_9.jpg>
Package pdftex.def Info: images/number9_9.jpg  used on input line 260. on input
 line 260.
Package pdftex.def Info: Requested size: 28.10492pt x 28.10492pt on input line 
260.
 [3

] [4 <./images/number0_0.jpg> <./images/number0_1.jpg> <./images/number0_2.jpg>
 <./images/number0_3.jpg> <./images/number0_4.jpg> <./images/number0_5.jpg> <./
images/number0_6.jpg> <./images/number0_7.jpg> <./images/number0_8.jpg> <./imag
es/number0_9.jpg> <./images/number1_0.jpg> <./images/number1_1.jpg> <./images/n
umber1_2.jpg> <./images/number1_3.jpg> <./images/number1_4.jpg> <./images/numbe
r1_5.jpg> <./images/number1_6.jpg> <./images/number1_7.jpg> <./images/number1_8
.jpg> <./images/number1_9.jpg> <./images/number2_0.jpg> <./images/number2_1.jpg
> <./images/number2_2.jpg> <./images/number2_3.jpg> <./images/number2_4.jpg> <.
/images/number2_5.jpg> <./images/number2_6.jpg> <./images/number2_7.jpg> <./ima
ges/number2_8.jpg> <./images/number2_9.jpg> <./images/number3_0.jpg> <./images/
number3_1.jpg> <./images/number3_2.jpg> <./images/number3_3.jpg> <./images/numb
er3_4.jpg> <./images/number3_5.jpg> <./images/number3_6.jpg> <./images/number3_
7.jpg> <./images/number3_8.jpg> <./images/number3_9.jpg> <./images/number4_0.jp
g> <./images/number4_1.jpg> <./images/number4_2.jpg> <./images/number4_3.jpg> <
./images/number4_4.jpg> <./images/number4_5.jpg> <./images/number4_6.jpg> <./im
ages/number4_7.jpg> <./images/number4_8.jpg> <./images/number4_9.jpg> <./images
/number5_0.jpg> <./images/number5_1.jpg> <./images/number5_2.jpg> <./images/num
ber5_3.jpg> <./images/number5_4.jpg> <./images/number5_5.jpg> <./images/number5
_6.jpg> <./images/number5_7.jpg> <./images/number5_8.jpg> <./images/number5_9.j
pg> <./images/number6_0.jpg> <./images/number6_1.jpg> <./images/number6_2.jpg> 
<./images/number6_3.jpg> <./images/number6_4.jpg> <./images/number6_5.jpg> <./i
mages/number6_6.jpg> <./images/number6_7.jpg> <./images/number6_8.jpg> <./image
s/number6_9.jpg> <./images/number7_0.jpg> <./images/number7_1.jpg> <./images/nu
mber7_2.jpg> <./images/number7_3.jpg> <./images/number7_4.jpg> <./images/number
7_5.jpg> <./images/number7_6.jpg> <./images/number7_7.jpg> <./images/number7_8.
jpg> <./images/number7_9.jpg> <./images/number8_0.jpg> <./images/number8_1.jpg>
 <./images/number8_2.jpg> <./images/number8_3.jpg> <./images/number8_4.jpg> <./
images/number8_5.jpg> <./images/number8_6.jpg> <./images/number8_7.jpg> <./imag
es/number8_8.jpg> <./images/number8_9.jpg> <./images/number9_0.jpg> <./images/n
umber9_1.jpg> <./images/number9_2.jpg> <./images/number9_3.jpg> <./images/numbe
r9_4.jpg> <./images/number9_5.jpg> <./images/number9_6.jpg> <./images/number9_7
.jpg> <./images/number9_8.jpg> <./images/number9_9.jpg>]
<images/part2_simple_network.png, id=223, 963.6pt x 542.025pt>
File: images/part2_simple_network.png Graphic file (type png)
<use images/part2_simple_network.png>
Package pdftex.def Info: images/part2_simple_network.png  used on input line 27
7. on input line 277.
Package pdftex.def Info: Requested size: 963.59766pt x 542.02367pt on input lin
e 277.
LaTeX Font Info:    Try loading font information for OT1+pcr on input line 283.


("C:\Program Files\MiKTeX 2.9\tex\latex\psnfss\ot1pcr.fd"
File: ot1pcr.fd 2001/06/04 font definitions for OT1/pcr.
)
LaTeX Font Info:    Try loading font information for T1+pcr on input line 285.

("C:\Program Files\MiKTeX 2.9\tex\latex\psnfss\t1pcr.fd"
File: t1pcr.fd 2001/06/04 font definitions for T1/pcr.
) [5

 <./images/part2_simple_network.png>]
Underfull \hbox (badness 10000) in paragraph at lines 316--319

 []


Underfull \hbox (badness 10000) in paragraph at lines 316--319

 []


Underfull \hbox (badness 10000) in paragraph at lines 322--334

 []


Overfull \hbox (4.735pt too wide) in paragraph at lines 335--338
[]\OT1/cmr/m/n/10 To cal-cu-late the par-tial deriva-tive of C, we will con-sid
er only \OT1/cmr/bx/n/10 a sin-gle train-ing sam-ple\OT1/cmr/m/n/10 : $\OML/cmm
/m/it/10 C \OT1/cmr/m/n/10 = \OMS/cmsy/m/n/10   [][] \OML/cmm/m/it/10 y[]log\OT
1/cmr/m/n/10 (\OML/cmm/m/it/10 p[]\OT1/cmr/m/n/10 )$
 []


Underfull \hbox (badness 10000) in paragraph at lines 338--340

 []


Underfull \hbox (badness 10000) in paragraph at lines 347--348

 []

[6

] [7

] [8

]
Underfull \hbox (badness 10000) in paragraph at lines 477--494

 []


Underfull \hbox (badness 10000) in paragraph at lines 477--494

 []


Underfull \hbox (badness 10000) in paragraph at lines 477--494

 []

[9

] [10

] [11

] [12

] [13

] [14

] [15

] 
AED: lastpage setting LastPage
(deepnn.aux) ) 
Here is how much of TeX's memory you used:
 6534 strings out of 493312
 99007 string characters out of 3138905
 302742 words of memory out of 3000000
 9866 multiletter control sequences out of 15000+200000
 14368 words of font info for 54 fonts, out of 3000000 for 9000
 1141 hyphenation exceptions out of 8191
 42i,12n,44p,1080b,1475s stack positions out of 5000i,500n,10000p,200000b,50000s
{C:/Program Files/MiKTeX 2.9/fonts/enc/dvips/base/8r.enc}<C:/Prog
ram Files/MiKTeX 2.9/fonts/type1/public/amsfonts/cm/cmbx10.pfb><C:/Program File
s/MiKTeX 2.9/fonts/type1/public/amsfonts/cm/cmbx12.pfb><C:/Program Files/MiKTeX
 2.9/fonts/type1/public/amsfonts/cm/cmbx9.pfb><C:/Program Files/MiKTeX 2.9/font
s/type1/public/amsfonts/cm/cmex10.pfb><C:/Program Files/MiKTeX 2.9/fonts/type1/
public/amsfonts/cmextra/cmex7.pfb><C:/Program Files/MiKTeX 2.9/fonts/type1/publ
ic/amsfonts/cm/cmmi10.pfb><C:/Program Files/MiKTeX 2.9/fonts/type1/public/amsfo
nts/cm/cmmi5.pfb><C:/Program Files/MiKTeX 2.9/fonts/type1/public/amsfonts/cm/cm
mi7.pfb><C:/Program Files/MiKTeX 2.9/fonts/type1/public/amsfonts/cm/cmr10.pfb><
C:/Program Files/MiKTeX 2.9/fonts/type1/public/amsfonts/cm/cmr12.pfb><C:/Progra
m Files/MiKTeX 2.9/fonts/type1/public/amsfonts/cm/cmr5.pfb><C:/Program Files/Mi
KTeX 2.9/fonts/type1/public/amsfonts/cm/cmr7.pfb><C:/Program Files/MiKTeX 2.9/f
onts/type1/public/amsfonts/cm/cmr9.pfb><C:/Program Files/MiKTeX 2.9/fonts/type1
/public/amsfonts/cm/cmsl10.pfb><C:/Program Files/MiKTeX 2.9/fonts/type1/public/
amsfonts/cm/cmsy10.pfb><C:/Program Files/MiKTeX 2.9/fonts/type1/public/amsfonts
/cm/cmsy7.pfb><C:/Program Files/MiKTeX 2.9/fonts/type1/public/amsfonts/cm/cmti1
0.pfb><C:/Program Files/MiKTeX 2.9/fonts/type1/urw/courier/ucrr8a.pfb><C:/Progr
am Files/MiKTeX 2.9/fonts/type1/urw/courier/ucrro8a.pfb>
Output written on deepnn.pdf (15 pages, 367345 bytes).
PDF statistics:
 330 PDF objects out of 1000 (max. 8388607)
 0 named destinations out of 1000 (max. 500000)
 506 words of extra memory for PDF output out of 10000 (max. 10000000)

